<?xml version="1.0" encoding="UTF-8"?>
<!-- Generated by org.testng.reporters.JUnitXMLReporter -->
<testsuite ignored="0" hostname="MP2CB7AN" failures="0" tests="3" name="Default test" time="0.503" errors="0" timestamp="2024-02-20T16:42:38 CST">
  <testcase classname="dataDriven.excelDataProvider.dataPovider" name="testCaseData" time="0.004"/>
  <testcase classname="dataDriven.excelDataProvider.dataPovider" name="testCaseData" time="0.001"/>
  <testcase classname="dataDriven.excelDataProvider.dataPovider" name="testCaseData" time="0.001"/>
</testsuite> <!-- Default test -->
