<?xml version="1.0" encoding="UTF-8"?>
<testng-results ignored="0" total="3" passed="3" failed="0" skipped="0">
  <reporter-output>
  </reporter-output>
  <suite started-at="2024-02-20T16:42:37 CST" name="Default suite" finished-at="2024-02-20T16:42:38 CST" duration-ms="503">
    <groups>
    </groups>
    <test started-at="2024-02-20T16:42:37 CST" name="Default test" finished-at="2024-02-20T16:42:38 CST" duration-ms="503">
      <class name="dataDriven.excelDataProvider.dataPovider">
        <test-method signature="testCaseData(java.lang.String,java.lang.String,java.lang.String)[pri:0, instance:dataDriven.excelDataProvider.dataPovider@7161d8d1]" started-at="2024-02-20T16:42:37 CST" name="testCaseData" data-provider="drivetest" finished-at="2024-02-20T16:42:37 CST" duration-ms="4" status="PASS">
          <params>
            <param index="0">
              <value>
                <![CDATA[Hello]]>
              </value>
            </param>
            <param index="1">
              <value>
                <![CDATA[test]]>
              </value>
            </param>
            <param index="2">
              <value>
                <![CDATA[1]]>
              </value>
            </param>
          </params>
          <reporter-output>
          </reporter-output>
        </test-method> <!-- testCaseData -->
        <test-method signature="testCaseData(java.lang.String,java.lang.String,java.lang.String)[pri:0, instance:dataDriven.excelDataProvider.dataPovider@7161d8d1]" started-at="2024-02-20T16:42:38 CST" name="testCaseData" data-provider="drivetest" finished-at="2024-02-20T16:42:38 CST" duration-ms="1" status="PASS">
          <params>
            <param index="0">
              <value>
                <![CDATA[Anyong]]>
              </value>
            </param>
            <param index="1">
              <value>
                <![CDATA[Message]]>
              </value>
            </param>
            <param index="2">
              <value>
                <![CDATA[2]]>
              </value>
            </param>
          </params>
          <reporter-output>
          </reporter-output>
        </test-method> <!-- testCaseData -->
        <test-method signature="testCaseData(java.lang.String,java.lang.String,java.lang.String)[pri:0, instance:dataDriven.excelDataProvider.dataPovider@7161d8d1]" started-at="2024-02-20T16:42:38 CST" name="testCaseData" data-provider="drivetest" finished-at="2024-02-20T16:42:38 CST" duration-ms="1" status="PASS">
          <params>
            <param index="0">
              <value>
                <![CDATA[hallo]]>
              </value>
            </param>
            <param index="1">
              <value>
                <![CDATA[yarayara]]>
              </value>
            </param>
            <param index="2">
              <value>
                <![CDATA[3]]>
              </value>
            </param>
          </params>
          <reporter-output>
          </reporter-output>
        </test-method> <!-- testCaseData -->
      </class> <!-- dataDriven.excelDataProvider.dataPovider -->
    </test> <!-- Default test -->
  </suite> <!-- Default suite -->
</testng-results>
