<?xml version="1.0" encoding="UTF-8"?>
<testng-results ignored="0" total="3" passed="3" failed="0" skipped="0">
  <reporter-output>
  </reporter-output>
  <suite started-at="2024-02-20T14:54:37 CST" name="Default suite" finished-at="2024-02-20T14:54:37 CST" duration-ms="49">
    <groups>
    </groups>
    <test started-at="2024-02-20T14:54:37 CST" name="Default test" finished-at="2024-02-20T14:54:37 CST" duration-ms="49">
      <class name="dataDriven.excelDataProvider.dataPovider">
        <test-method signature="testCaseData(java.lang.String,java.lang.String,int)[pri:0, instance:dataDriven.excelDataProvider.dataPovider@1cbb87f3]" started-at="2024-02-20T14:54:37 CST" name="testCaseData" data-provider="drivetest" finished-at="2024-02-20T14:54:37 CST" duration-ms="7" status="PASS">
          <params>
            <param index="0">
              <value>
                <![CDATA[Hello]]>
              </value>
            </param>
            <param index="1">
              <value>
                <![CDATA[Text]]>
              </value>
            </param>
            <param index="2">
              <value>
                <![CDATA[1]]>
              </value>
            </param>
          </params>
          <reporter-output>
          </reporter-output>
        </test-method> <!-- testCaseData -->
        <test-method signature="testCaseData(java.lang.String,java.lang.String,int)[pri:0, instance:dataDriven.excelDataProvider.dataPovider@1cbb87f3]" started-at="2024-02-20T14:54:37 CST" name="testCaseData" data-provider="drivetest" finished-at="2024-02-20T14:54:37 CST" duration-ms="1" status="PASS">
          <params>
            <param index="0">
              <value>
                <![CDATA[Hello2]]>
              </value>
            </param>
            <param index="1">
              <value>
                <![CDATA[Text2]]>
              </value>
            </param>
            <param index="2">
              <value>
                <![CDATA[143]]>
              </value>
            </param>
          </params>
          <reporter-output>
          </reporter-output>
        </test-method> <!-- testCaseData -->
        <test-method signature="testCaseData(java.lang.String,java.lang.String,int)[pri:0, instance:dataDriven.excelDataProvider.dataPovider@1cbb87f3]" started-at="2024-02-20T14:54:37 CST" name="testCaseData" data-provider="drivetest" finished-at="2024-02-20T14:54:37 CST" duration-ms="1" status="PASS">
          <params>
            <param index="0">
              <value>
                <![CDATA[Hello3]]>
              </value>
            </param>
            <param index="1">
              <value>
                <![CDATA[Text3]]>
              </value>
            </param>
            <param index="2">
              <value>
                <![CDATA[485]]>
              </value>
            </param>
          </params>
          <reporter-output>
          </reporter-output>
        </test-method> <!-- testCaseData -->
      </class> <!-- dataDriven.excelDataProvider.dataPovider -->
    </test> <!-- Default test -->
  </suite> <!-- Default suite -->
</testng-results>
